df is not empty
going to work!
start registering...
Nevio123
Nevio Koch
nevio_koch@sluz.ch
2022-10-20 18:32:54

is sluz
send token error
startin with clean_up
subprocess done!
df is not empty
going to work!
start registering...
Engelberger
Dario Marra
Dario_Marra@sluz.ch
2022-10-20 18:37:13

is sluz
register starting
Added Engelberger to the whitelist
registration_successful

/Whitelist Engelberger
sending success notification
subprocess done!
df is not empty
going to work!
start registering...
VortexKillz
Rama Wirta
Rama_Wirta@sluz.ch
2022-10-20 18:38:55

is sluz
register starting
That player does not exist
registration_successful

/Whitelist VortexKillz
sending success notification
subprocess done!
df is not empty
going to work!
start registering...
DamjanDerCoole
Damjan Veskovac
Damjan_Veskovac@sluz.ch
2022-10-20 18:44:33

is sluz
send token error
startin with clean_up
subprocess done!
df is not empty
going to work!
start registering...
egli1234
Egli
egli@sluz.ch
2022-10-20 18:47:37

is sluz
send token error
startin with clean_up
subprocess done!
df is not empty
going to work!
start registering...
besser_stimmen
Jonas Katz
jonas_katz@sluz.ch
2022-10-20 18:51:36

is sluz
send token error
startin with clean_up
subprocess done!
df is not empty
going to work!
start registering...
DaveMasterXD
David Iellamo
David_Iellamo@sluz.ch
2022-10-20 19:04:13

is sluz
register starting
Added DaveMasterXD to the whitelist
registration_successful

/Whitelist DaveMasterXD
sending success notification
subprocess done!
df is not empty
going to work!
start registering...
KatiMincraft
Katinka Leuenberger
katinka.leuenberger@sluz.ch
2022-10-20 19:23:22

is sluz
send token error
startin with clean_up
subprocess done!
df is not empty
going to work!
start registering...
El Tony mate
Leo Bachmann
leo_bachmann@sluz.ch
2022-10-20 19:42:34

is sluz
send token error
startin with clean_up
subprocess done!
df is not empty
going to work!
start registering...
Galileo6015
Luigi Brovelli
luigi.brovelli@sluz.ch
2022-10-20 21:05:06

is sluz
register starting
Added Galileo6015 to the whitelist
registration_successful

/Whitelist Galileo6015
sending success notification
subprocess done!
df is not empty
going to work!
start registering...
RR
Roland Reichmuth
roland.reichmuth@sluz.ch
2022-10-20 21:05:12

is sluz
send token error
startin with clean_up
subprocess done!
df is not empty
going to work!
start registering...
Gogg
Edith Bollhalder
edith.bollhalder@sluz.ch
2022-10-21 09:02:29

is sluz
send token error
startin with clean_up
subprocess done!
df is not empty
going to work!
start registering...
tamdlm_
Tamara Da Luz Martins
tamara_daluzmartins@sluz.ch
2022-10-21 09:51:57

is sluz
register starting
That player does not exist
registration_successful

/Whitelist tamdlm_
sending success notification
subprocess done!
df is not empty
going to work!
start registering...
Themoyme
Deniz Yildirim
deniz_yildirim@sluz.ch
2022-10-21 09:57:22

is sluz
send token error
startin with clean_up
subprocess done!
df is not empty
going to work!
start registering...
DevGrill
Cyril Kurmann
cyril_kurmann@sluz.ch
2022-10-21 10:17:20

is sluz
send token error
startin with clean_up
subprocess done!
